<?xml version="1.0" encoding="UTF-8"?>
<!-- Generated by org.testng.reporters.JUnitXMLReporter -->
<testsuite ignored="0" hostname="LAPTOP-FD4NVGGE" failures="1" tests="1" name="Test" time="4.842" errors="0" timestamp="2024-08-29T12:23:34 IST">
  <testcase classname="developmentprocess.TLD" name="tldTest" time="4.802">
    <failure type="java.lang.AssertionError" message="expected [true] but found [false]">
      <![CDATA[java.lang.AssertionError: expected [true] but found [false]
at developmentprocess.TLD.tldTest(TLD.java:20)
at java.base/java.util.ArrayList.forEach(ArrayList.java:1597)
... Removed 29 stack frames]]>
    </failure>
  </testcase> <!-- tldTest -->
</testsuite> <!-- Test -->
