<?xml version="1.0" encoding="UTF-8"?>
<testng-results ignored="0" total="1" passed="1" failed="0" skipped="0">
  <reporter-output>
  </reporter-output>
  <suite started-at="2024-08-23T14:31:57 IST" name="Default suite" finished-at="2024-08-23T14:32:30 IST" duration-ms="32618">
    <groups>
    </groups>
    <test started-at="2024-08-23T14:31:57 IST" name="Default test" finished-at="2024-08-23T14:32:30 IST" duration-ms="32618">
      <class name="seleniumgrid_practice.GridTest">
        <test-method signature="sampleTest()[pri:0, instance:seleniumgrid_practice.GridTest@3527942a]" started-at="2024-08-23T14:31:57 IST" name="sampleTest" finished-at="2024-08-23T14:32:30 IST" duration-ms="32532" status="PASS">
          <reporter-output>
          </reporter-output>
        </test-method> <!-- sampleTest -->
      </class> <!-- seleniumgrid_practice.GridTest -->
    </test> <!-- Default test -->
  </suite> <!-- Default suite -->
</testng-results>
